<?xml version="1.0" encoding="UTF-8"?>
<!-- Generated by org.testng.reporters.JUnitXMLReporter -->
<testsuite hostname="jasmbp.local" ignored="0" name="Default test" tests="3" failures="0" timestamp="18 Jun 2018 23:06:05 GMT" time="13.193" errors="0">
  <testcase name="searchPageTitleTest" time="0.022" classname="ag.eztv.qa.test.SearchPageTest"/>
  <testcase name="searchPageDownloadTest" time="8.71" classname="ag.eztv.qa.test.SearchPageTest"/>
  <testcase name="torrentCleanupTest" time="0.001" classname="ag.eztv.qa.test.SearchPageTest"/>
</testsuite> <!-- Default test -->
